
    日期时间：2004年02月15日 21:10:49
    应用系统：0.动态数据窗口演示
      操作员：.
 SQL错误代码：-1
 SQL错误信息：SQLSTATE = S0002
[Sybase][ODBC Driver]Table or view not found: table 'SLactiveevent' not found
*******************************************************************

    日期时间：2004年02月15日 21:10:51
    应用系统：0.动态数据窗口演示
      操作员：.
 SQL错误代码：-1
 SQL错误信息：SQLSTATE = S0002
[Sybase][ODBC Driver]Table or view not found: table 'SLactiveevent' not found
*******************************************************************

    日期时间：2004年02月15日 21:10:53
    应用系统：0.动态数据窗口演示
      操作员：.
 SQL错误代码：-1
 SQL错误信息：SQLSTATE = S0002
[Sybase][ODBC Driver]Table or view not found: table 'SLactiveevent' not found
*******************************************************************

    日期时间：2004年02月15日 21:11:03
    应用系统：0.动态数据窗口演示
      操作员：.
 SQL错误代码：-1
 SQL错误信息：SQLSTATE = S0002
[Sybase][ODBC Driver]Table or view not found: table 'SLactiveevent' not found
*******************************************************************

    日期时间：2004年02月15日 21:11:03
    应用系统：0.动态数据窗口演示
      操作员：.
 SQL错误代码：-1
 SQL错误信息：SQLSTATE = S0002
[Sybase][ODBC Driver]Table or view not found: table 'SLactiveevent' not found
*******************************************************************

    日期时间：2004年02月15日 21:11:03
    应用系统：0.动态数据窗口演示
      操作员：.
 SQL错误代码：-1
 SQL错误信息：SQLSTATE = S0002
[Sybase][ODBC Driver]Table or view not found: table 'SLactiveevent' not found
*******************************************************************

    日期时间：2004年02月15日 21:11:07
    应用系统：0.动态数据窗口演示
      操作员：.
 SQL错误代码：-1
 SQL错误信息：SQLSTATE = S0002
[Sybase][ODBC Driver]Table or view not found: table 'SLactiveevent' not found
*******************************************************************

    日期时间：2004年02月15日 21:11:32
    应用系统：0.动态数据窗口演示
      操作员：.
 SQL错误代码：-1
 SQL错误信息：SQLSTATE = S0002
[Sybase][ODBC Driver]Table or view not found: table 'SLactiveevent' not found
*******************************************************************

    日期时间：2004年02月15日 21:11:32
    应用系统：0.动态数据窗口演示
      操作员：.
 SQL错误代码：-1
 SQL错误信息：SQLSTATE = S0002
[Sybase][ODBC Driver]Table or view not found: table 'SLactiveevent' not found
*******************************************************************

    日期时间：2004年02月15日 21:11:46
    应用系统：0.动态数据窗口演示
      操作员：.
 SQL错误代码：-1
 SQL错误信息：SQLSTATE = S0002
[Sybase][ODBC Driver]Table or view not found: table 'SLactiveevent' not found
*******************************************************************

    日期时间：2004年02月15日 21:11:46
    应用系统：0.动态数据窗口演示
      操作员：.
 SQL错误代码：-1
 SQL错误信息：SQLSTATE = S0002
[Sybase][ODBC Driver]Table or view not found: table 'SLactiveevent' not found
*******************************************************************

    日期时间：2004年02月15日 21:11:46
    应用系统：0.动态数据窗口演示
      操作员：.
 SQL错误代码：-1
 SQL错误信息：SQLSTATE = S0002
[Sybase][ODBC Driver]Table or view not found: table 'SLactiveevent' not found
*******************************************************************

    日期时间：2004年02月15日 21:11:46
    应用系统：0.动态数据窗口演示
      操作员：.
 SQL错误代码：-1
 SQL错误信息：SQLSTATE = S0002
[Sybase][ODBC Driver]Table or view not found: table 'SLactiveevent' not found
*******************************************************************

    日期时间：2004年02月15日 21:11:46
    应用系统：0.动态数据窗口演示
      操作员：.
 SQL错误代码：-1
 SQL错误信息：SQLSTATE = S0002
[Sybase][ODBC Driver]Table or view not found: table 'SLactiveevent' not found
*******************************************************************

    日期时间：2004年02月15日 21:11:46
    应用系统：0.动态数据窗口演示
      操作员：.
 SQL错误代码：-1
 SQL错误信息：SQLSTATE = S0002
[Sybase][ODBC Driver]Table or view not found: table 'SLactiveevent' not found
*******************************************************************

    日期时间：2004年02月15日 21:11:50
    应用系统：0.动态数据窗口演示
      操作员：.
 SQL错误代码：-1
 SQL错误信息：SQLSTATE = S0002
[Sybase][ODBC Driver]Table or view not found: table 'SLactiveevent' not found
*******************************************************************

    日期时间：2004年02月15日 21:11:55
    应用系统：0.动态数据窗口演示
      操作员：.
 SQL错误代码：-1
 SQL错误信息：SQLSTATE = S0002
[Sybase][ODBC Driver]Table or view not found: table 'SLactiveevent' not found
*******************************************************************

    日期时间：2004年02月15日 21:11:55
    应用系统：0.动态数据窗口演示
      操作员：.
 SQL错误代码：-1
 SQL错误信息：SQLSTATE = S0002
[Sybase][ODBC Driver]Table or view not found: table 'SLactiveevent' not found
*******************************************************************

    日期时间：2004年02月15日 21:11:57
    应用系统：0.动态数据窗口演示
      操作员：.
 SQL错误代码：-1
 SQL错误信息：SQLSTATE = S0002
[Sybase][ODBC Driver]Table or view not found: table 'SLactiveevent' not found
*******************************************************************

    日期时间：2004年02月15日 21:11:59
    应用系统：0.动态数据窗口演示
      操作员：.
 SQL错误代码：-1
 SQL错误信息：SQLSTATE = S0002
[Sybase][ODBC Driver]Table or view not found: table 'SLactiveevent' not found
*******************************************************************

    日期时间：2004年02月15日 21:12:02
    应用系统：0.动态数据窗口演示
      操作员：.
 SQL错误代码：-1
 SQL错误信息：SQLSTATE = S0002
[Sybase][ODBC Driver]Table or view not found: table 'SLactiveevent' not found
*******************************************************************

    日期时间：2004年02月15日 21:12:11
    应用系统：0.动态数据窗口演示
      操作员：.
 SQL错误代码：-1
 SQL错误信息：SQLSTATE = S0002
[Sybase][ODBC Driver]Table or view not found: table 'SLactiveevent' not found
*******************************************************************

    日期时间：2004年02月15日 21:12:11
    应用系统：0.动态数据窗口演示
      操作员：.
 SQL错误代码：-1
 SQL错误信息：SQLSTATE = S0002
[Sybase][ODBC Driver]Table or view not found: table 'SLactiveevent' not found
*******************************************************************

    日期时间：2004年02月15日 21:12:15
    应用系统：0.动态数据窗口演示
      操作员：.
 SQL错误代码：-1
 SQL错误信息：SQLSTATE = S0002
[Sybase][ODBC Driver]Table or view not found: table 'SLactiveevent' not found
*******************************************************************

    日期时间：2004年02月15日 21:12:27
    应用系统：0.动态数据窗口演示
      操作员：.
 SQL错误代码：-1
 SQL错误信息：SQLSTATE = S0002
[Sybase][ODBC Driver]Table or view not found: table 'SLactiveevent' not found
*******************************************************************

    日期时间：2004年02月15日 21:12:27
    应用系统：0.动态数据窗口演示
      操作员：.
 SQL错误代码：-1
 SQL错误信息：SQLSTATE = S0002
[Sybase][ODBC Driver]Table or view not found: table 'SLactiveevent' not found
*******************************************************************

    日期时间：2004年02月15日 21:12:39
    应用系统：0.动态数据窗口演示
      操作员：.
 SQL错误代码：-1
 SQL错误信息：SQLSTATE = S0002
[Sybase][ODBC Driver]Table or view not found: table 'SLactiveevent' not found
*******************************************************************

    日期时间：2004年02月15日 21:12:39
    应用系统：0.动态数据窗口演示
      操作员：.
 SQL错误代码：-1
 SQL错误信息：SQLSTATE = S0002
[Sybase][ODBC Driver]Table or view not found: table 'SLactiveevent' not found
*******************************************************************

    日期时间：2004年02月15日 21:12:39
    应用系统：0.动态数据窗口演示
      操作员：.
 SQL错误代码：-1
 SQL错误信息：SQLSTATE = S0002
[Sybase][ODBC Driver]Table or view not found: table 'SLactiveevent' not found
*******************************************************************

    日期时间：2004年02月15日 21:12:40
    应用系统：0.动态数据窗口演示
      操作员：.
 SQL错误代码：-1
 SQL错误信息：SQLSTATE = S0002
[Sybase][ODBC Driver]Table or view not found: table 'SLactiveevent' not found
*******************************************************************

    日期时间：2004年02月15日 21:12:41
    应用系统：0.动态数据窗口演示
      操作员：.
 SQL错误代码：-1
 SQL错误信息：SQLSTATE = S0002
[Sybase][ODBC Driver]Table or view not found: table 'SLactiveevent' not found
*******************************************************************

    日期时间：2004年02月15日 21:12:41
    应用系统：0.动态数据窗口演示
      操作员：.
 SQL错误代码：-1
 SQL错误信息：SQLSTATE = S0002
[Sybase][ODBC Driver]Table or view not found: table 'SLactiveevent' not found
*******************************************************************

    日期时间：2004年02月15日 21:15:25
    应用系统：0.动态数据窗口演示
      操作员：.
 SQL错误代码：-1
 SQL错误信息：SQLSTATE = S0002
[Sybase][ODBC Driver]Table or view not found: table 'SLactiveevent' not found
*******************************************************************

    日期时间：2004年02月15日 21:15:27
    应用系统：0.动态数据窗口演示
      操作员：.
 SQL错误代码：-1
 SQL错误信息：SQLSTATE = S0002
[Sybase][ODBC Driver]Table or view not found: table 'SLactiveevent' not found
*******************************************************************

    日期时间：2004年02月15日 21:15:41
    应用系统：0.动态数据窗口演示
      操作员：.
 SQL错误代码：-1
 SQL错误信息：SQLSTATE = S0002
[Sybase][ODBC Driver]Table or view not found: table 'SLactiveevent' not found
*******************************************************************

    日期时间：2004年02月15日 21:15:41
    应用系统：0.动态数据窗口演示
      操作员：.
 SQL错误代码：-1
 SQL错误信息：SQLSTATE = S0002
[Sybase][ODBC Driver]Table or view not found: table 'SLactiveevent' not found
*******************************************************************

    日期时间：2004年02月15日 21:15:44
    应用系统：0.动态数据窗口演示
      操作员：.
 SQL错误代码：-1
 SQL错误信息：SQLSTATE = S0002
[Sybase][ODBC Driver]Table or view not found: table 'SLactiveevent' not found
*******************************************************************

    日期时间：2004年02月15日 21:15:53
    应用系统：0.动态数据窗口演示
      操作员：.
 SQL错误代码：-1
 SQL错误信息：SQLSTATE = S0002
[Sybase][ODBC Driver]Table or view not found: table 'SLactiveevent' not found
*******************************************************************

    日期时间：2004年02月15日 21:15:53
    应用系统：0.动态数据窗口演示
      操作员：.
 SQL错误代码：-1
 SQL错误信息：SQLSTATE = S0002
[Sybase][ODBC Driver]Table or view not found: table 'SLactiveevent' not found
*******************************************************************

    日期时间：2004年02月15日 21:15:54
    应用系统：0.动态数据窗口演示
      操作员：.
 SQL错误代码：-1
 SQL错误信息：SQLSTATE = S0002
[Sybase][ODBC Driver]Table or view not found: table 'SLactiveevent' not found
*******************************************************************

    日期时间：2004年02月15日 21:16:19
    应用系统：0.动态数据窗口演示
      操作员：.
 SQL错误代码：-1
 SQL错误信息：SQLSTATE = S0002
[Sybase][ODBC Driver]Table or view not found: table 'SLactiveevent' not found
*******************************************************************

    日期时间：2004年02月15日 21:16:19
    应用系统：0.动态数据窗口演示
      操作员：.
 SQL错误代码：-1
 SQL错误信息：SQLSTATE = S0002
[Sybase][ODBC Driver]Table or view not found: table 'SLactiveevent' not found
*******************************************************************

    日期时间：2004年02月15日 21:16:22
    应用系统：0.动态数据窗口演示
      操作员：.
 SQL错误代码：-1
 SQL错误信息：SQLSTATE = S0002
[Sybase][ODBC Driver]Table or view not found: table 'SLactiveevent' not found
*******************************************************************

    日期时间：2004年02月15日 21:16:22
    应用系统：0.动态数据窗口演示
      操作员：.
 SQL错误代码：-1
 SQL错误信息：SQLSTATE = S0002
[Sybase][ODBC Driver]Table or view not found: table 'SLactiveevent' not found
*******************************************************************

    日期时间：2004年02月15日 21:16:22
    应用系统：0.动态数据窗口演示
      操作员：.
 SQL错误代码：-1
 SQL错误信息：SQLSTATE = S0002
[Sybase][ODBC Driver]Table or view not found: table 'SLactiveevent' not found
*******************************************************************

    日期时间：2004年02月15日 21:16:22
    应用系统：0.动态数据窗口演示
      操作员：.
 SQL错误代码：-1
 SQL错误信息：SQLSTATE = S0002
[Sybase][ODBC Driver]Table or view not found: table 'SLactiveevent' not found
*******************************************************************

    日期时间：2004年02月15日 21:16:25
    应用系统：0.动态数据窗口演示
      操作员：.
 SQL错误代码：-1
 SQL错误信息：SQLSTATE = S0002
[Sybase][ODBC Driver]Table or view not found: table 'SLactiveevent' not found
*******************************************************************

    日期时间：2004年02月15日 21:16:25
    应用系统：0.动态数据窗口演示
      操作员：.
 SQL错误代码：-1
 SQL错误信息：SQLSTATE = S0002
[Sybase][ODBC Driver]Table or view not found: table 'SLactiveevent' not found
*******************************************************************

    日期时间：2004年02月15日 21:16:26
    应用系统：0.动态数据窗口演示
      操作员：.
 SQL错误代码：-1
 SQL错误信息：SQLSTATE = S0002
[Sybase][ODBC Driver]Table or view not found: table 'SLactiveevent' not found
*******************************************************************

    日期时间：2004年02月15日 21:16:28
    应用系统：0.动态数据窗口演示
      操作员：.
 SQL错误代码：-1
 SQL错误信息：SQLSTATE = S0002
[Sybase][ODBC Driver]Table or view not found: table 'SLactiveevent' not found
*******************************************************************

    日期时间：2004年02月15日 21:16:28
    应用系统：0.动态数据窗口演示
      操作员：.
 SQL错误代码：-1
 SQL错误信息：SQLSTATE = S0002
[Sybase][ODBC Driver]Table or view not found: table 'SLactiveevent' not found
*******************************************************************

    日期时间：2004年02月15日 21:16:31
    应用系统：0.动态数据窗口演示
      操作员：.
 SQL错误代码：-1
 SQL错误信息：SQLSTATE = S0002
[Sybase][ODBC Driver]Table or view not found: table 'SLactiveevent' not found
*******************************************************************

    日期时间：2004年02月15日 21:16:37
    应用系统：0.动态数据窗口演示
      操作员：.
 SQL错误代码：-1
 SQL错误信息：SQLSTATE = S0002
[Sybase][ODBC Driver]Table or view not found: table 'SLactiveevent' not found
*******************************************************************

    日期时间：2004年02月15日 21:16:37
    应用系统：0.动态数据窗口演示
      操作员：.
 SQL错误代码：-1
 SQL错误信息：SQLSTATE = S0002
[Sybase][ODBC Driver]Table or view not found: table 'SLactiveevent' not found
*******************************************************************

    日期时间：2004年02月15日 21:17:04
    应用系统：0.动态数据窗口演示
      操作员：.
 SQL错误代码：-1
 SQL错误信息：SQLSTATE = S0002
[Sybase][ODBC Driver]Table or view not found: table 'SLactiveevent' not found
*******************************************************************

    日期时间：2004年02月15日 21:17:08
    应用系统：0.动态数据窗口演示
      操作员：.
 SQL错误代码：-1
 SQL错误信息：SQLSTATE = S0002
[Sybase][ODBC Driver]Table or view not found: table 'SLactiveevent' not found
*******************************************************************

    日期时间：2004年02月15日 21:17:08
    应用系统：0.动态数据窗口演示
      操作员：.
 SQL错误代码：-1
 SQL错误信息：SQLSTATE = S0002
[Sybase][ODBC Driver]Table or view not found: table 'SLactiveevent' not found
*******************************************************************

    日期时间：2004年02月15日 21:17:29
    应用系统：0.动态数据窗口演示
      操作员：.
 SQL错误代码：-1
 SQL错误信息：SQLSTATE = S0002
[Sybase][ODBC Driver]Table or view not found: table 'SLactiveevent' not found
*******************************************************************

    日期时间：2004年02月15日 21:17:29
    应用系统：0.动态数据窗口演示
      操作员：.
 SQL错误代码：-1
 SQL错误信息：SQLSTATE = S0002
[Sybase][ODBC Driver]Table or view not found: table 'SLactiveevent' not found
*******************************************************************

    日期时间：2004年02月15日 21:17:30
    应用系统：0.动态数据窗口演示
      操作员：.
 SQL错误代码：-1
 SQL错误信息：SQLSTATE = S0002
[Sybase][ODBC Driver]Table or view not found: table 'SLactiveevent' not found
*******************************************************************

    日期时间：2004年02月15日 21:17:30
    应用系统：0.动态数据窗口演示
      操作员：.
 SQL错误代码：-1
 SQL错误信息：SQLSTATE = S0002
[Sybase][ODBC Driver]Table or view not found: table 'SLactiveevent' not found
*******************************************************************

    日期时间：2004年02月15日 21:17:32
    应用系统：0.动态数据窗口演示
      操作员：.
 SQL错误代码：-1
 SQL错误信息：SQLSTATE = S0002
[Sybase][ODBC Driver]Table or view not found: table 'SLactiveevent' not found
*******************************************************************

    日期时间：2004年02月15日 21:17:32
    应用系统：0.动态数据窗口演示
      操作员：.
 SQL错误代码：-1
 SQL错误信息：SQLSTATE = S0002
[Sybase][ODBC Driver]Table or view not found: table 'SLactiveevent' not found
*******************************************************************

    日期时间：2004年02月15日 21:17:34
    应用系统：0.动态数据窗口演示
      操作员：.
 SQL错误代码：-1
 SQL错误信息：SQLSTATE = S0002
[Sybase][ODBC Driver]Table or view not found: table 'SLactiveevent' not found
*******************************************************************

    日期时间：2004年02月15日 21:17:39
    应用系统：0.动态数据窗口演示
      操作员：.
 SQL错误代码：-1
 SQL错误信息：SQLSTATE = S0002
[Sybase][ODBC Driver]Table or view not found: table 'SLactiveevent' not found
*******************************************************************

    日期时间：2004年02月15日 21:17:39
    应用系统：0.动态数据窗口演示
      操作员：.
 SQL错误代码：-1
 SQL错误信息：SQLSTATE = S0002
[Sybase][ODBC Driver]Table or view not found: table 'SLactiveevent' not found
*******************************************************************

    日期时间：2004年02月15日 21:17:40
    应用系统：0.动态数据窗口演示
      操作员：.
 SQL错误代码：-1
 SQL错误信息：SQLSTATE = S0002
[Sybase][ODBC Driver]Table or view not found: table 'SLactiveevent' not found
*******************************************************************

    日期时间：2004年02月15日 21:18:08
    应用系统：0.动态数据窗口演示
      操作员：.
 SQL错误代码：-1
 SQL错误信息：SQLSTATE = S0002
[Sybase][ODBC Driver]Table or view not found: table 'SLactiveevent' not found
*******************************************************************

    日期时间：2004年02月15日 21:18:08
    应用系统：0.动态数据窗口演示
      操作员：.
 SQL错误代码：-1
 SQL错误信息：SQLSTATE = S0002
[Sybase][ODBC Driver]Table or view not found: table 'SLactiveevent' not found
*******************************************************************

    日期时间：2004年02月15日 21:18:08
    应用系统：0.动态数据窗口演示
      操作员：.
 SQL错误代码：-1
 SQL错误信息：SQLSTATE = S0002
[Sybase][ODBC Driver]Table or view not found: table 'SLactiveevent' not found
*******************************************************************

    日期时间：2004年02月15日 21:18:08
    应用系统：0.动态数据窗口演示
      操作员：.
 SQL错误代码：-1
 SQL错误信息：SQLSTATE = S0002
[Sybase][ODBC Driver]Table or view not found: table 'SLactiveevent' not found
*******************************************************************

    日期时间：2004年02月15日 21:18:16
    应用系统：0.动态数据窗口演示
      操作员：.
 SQL错误代码：-1
 SQL错误信息：SQLSTATE = S0002
[Sybase][ODBC Driver]Table or view not found: table 'SLactiveevent' not found
*******************************************************************

    日期时间：2004年02月15日 21:18:27
    应用系统：0.动态数据窗口演示
      操作员：.
 SQL错误代码：-1
 SQL错误信息：SQLSTATE = S0002
[Sybase][ODBC Driver]Table or view not found: table 'SLactiveevent' not found
*******************************************************************

    日期时间：2004年02月15日 21:18:27
    应用系统：0.动态数据窗口演示
      操作员：.
 SQL错误代码：-1
 SQL错误信息：SQLSTATE = S0002
[Sybase][ODBC Driver]Table or view not found: table 'SLactiveevent' not found
*******************************************************************

    日期时间：2004年02月15日 21:18:28
    应用系统：0.动态数据窗口演示
      操作员：.
 SQL错误代码：-1
 SQL错误信息：SQLSTATE = S0002
[Sybase][ODBC Driver]Table or view not found: table 'SLactiveevent' not found
*******************************************************************

    日期时间：2004年02月15日 21:18:32
    应用系统：0.动态数据窗口演示
      操作员：.
 SQL错误代码：-1
 SQL错误信息：SQLSTATE = S0002
[Sybase][ODBC Driver]Table or view not found: table 'SLactiveevent' not found
*******************************************************************

    日期时间：2004年02月15日 21:18:32
    应用系统：0.动态数据窗口演示
      操作员：.
 SQL错误代码：-1
 SQL错误信息：SQLSTATE = S0002
[Sybase][ODBC Driver]Table or view not found: table 'SLactiveevent' not found
*******************************************************************

    日期时间：2004年02月15日 21:18:32
    应用系统：0.动态数据窗口演示
      操作员：.
 SQL错误代码：-1
 SQL错误信息：SQLSTATE = S0002
[Sybase][ODBC Driver]Table or view not found: table 'SLactiveevent' not found
*******************************************************************

    日期时间：2004年02月15日 21:18:47
    应用系统：0.动态数据窗口演示
      操作员：.
 SQL错误代码：-1
 SQL错误信息：SQLSTATE = S0002
[Sybase][ODBC Driver]Table or view not found: table 'SLactiveevent' not found
*******************************************************************

    日期时间：2004年02月15日 21:18:47
    应用系统：0.动态数据窗口演示
      操作员：.
 SQL错误代码：-1
 SQL错误信息：SQLSTATE = S0002
[Sybase][ODBC Driver]Table or view not found: table 'SLactiveevent' not found
*******************************************************************

    日期时间：2004年02月15日 21:18:47
    应用系统：0.动态数据窗口演示
      操作员：.
 SQL错误代码：-1
 SQL错误信息：SQLSTATE = S0002
[Sybase][ODBC Driver]Table or view not found: table 'SLactiveevent' not found
*******************************************************************

    日期时间：2004年02月15日 21:18:47
    应用系统：0.动态数据窗口演示
      操作员：.
 SQL错误代码：-1
 SQL错误信息：SQLSTATE = S0002
[Sybase][ODBC Driver]Table or view not found: table 'SLactiveevent' not found
*******************************************************************

    日期时间：2004年02月15日 21:18:49
    应用系统：0.动态数据窗口演示
      操作员：.
 SQL错误代码：-1
 SQL错误信息：SQLSTATE = S0002
[Sybase][ODBC Driver]Table or view not found: table 'SLactiveevent' not found
*******************************************************************

    日期时间：2004年02月15日 21:18:51
    应用系统：0.动态数据窗口演示
      操作员：.
 SQL错误代码：-1
 SQL错误信息：SQLSTATE = S0002
[Sybase][ODBC Driver]Table or view not found: table 'SLactiveevent' not found
*******************************************************************

    日期时间：2004年02月15日 21:18:51
    应用系统：0.动态数据窗口演示
      操作员：.
 SQL错误代码：-1
 SQL错误信息：SQLSTATE = S0002
[Sybase][ODBC Driver]Table or view not found: table 'SLactiveevent' not found
*******************************************************************

    日期时间：2004年02月15日 21:18:52
    应用系统：0.动态数据窗口演示
      操作员：.
 SQL错误代码：-1
 SQL错误信息：SQLSTATE = S0002
[Sybase][ODBC Driver]Table or view not found: table 'SLactiveevent' not found
*******************************************************************

    日期时间：2004年02月15日 21:18:54
    应用系统：0.动态数据窗口演示
      操作员：.
 SQL错误代码：-1
 SQL错误信息：SQLSTATE = S0002
[Sybase][ODBC Driver]Table or view not found: table 'SLactiveevent' not found
*******************************************************************

    日期时间：2004年02月15日 21:18:54
    应用系统：0.动态数据窗口演示
      操作员：.
 SQL错误代码：-1
 SQL错误信息：SQLSTATE = S0002
[Sybase][ODBC Driver]Table or view not found: table 'SLactiveevent' not found
*******************************************************************

    日期时间：2004年02月15日 21:18:54
    应用系统：0.动态数据窗口演示
      操作员：.
 SQL错误代码：-1
 SQL错误信息：SQLSTATE = S0002
[Sybase][ODBC Driver]Table or view not found: table 'SLactiveevent' not found
*******************************************************************

    日期时间：2004年02月15日 21:19:05
    应用系统：0.动态数据窗口演示
      操作员：.
 SQL错误代码：-1
 SQL错误信息：SQLSTATE = S0002
[Sybase][ODBC Driver]Table or view not found: table 'SLactiveevent' not found
*******************************************************************

    日期时间：2004年02月15日 21:19:11
    应用系统：0.动态数据窗口演示
      操作员：.
 SQL错误代码：-1
 SQL错误信息：SQLSTATE = S0002
[Sybase][ODBC Driver]Table or view not found: table 'SLactiveevent' not found
*******************************************************************

    日期时间：2004年02月15日 21:19:11
    应用系统：0.动态数据窗口演示
      操作员：.
 SQL错误代码：-1
 SQL错误信息：SQLSTATE = S0002
[Sybase][ODBC Driver]Table or view not found: table 'SLactiveevent' not found
*******************************************************************

    日期时间：2004年02月15日 21:19:12
    应用系统：0.动态数据窗口演示
      操作员：.
 SQL错误代码：-1
 SQL错误信息：SQLSTATE = S0002
[Sybase][ODBC Driver]Table or view not found: table 'SLactiveevent' not found
*******************************************************************

    日期时间：2004年02月15日 21:19:12
    应用系统：0.动态数据窗口演示
      操作员：.
 SQL错误代码：-1
 SQL错误信息：SQLSTATE = S0002
[Sybase][ODBC Driver]Table or view not found: table 'SLactiveevent' not found
*******************************************************************

    日期时间：2004年02月15日 21:19:12
    应用系统：0.动态数据窗口演示
      操作员：.
 SQL错误代码：-1
 SQL错误信息：SQLSTATE = S0002
[Sybase][ODBC Driver]Table or view not found: table 'SLactiveevent' not found
*******************************************************************

    日期时间：2004年02月15日 21:19:12
    应用系统：0.动态数据窗口演示
      操作员：.
 SQL错误代码：-1
 SQL错误信息：SQLSTATE = S0002
[Sybase][ODBC Driver]Table or view not found: table 'SLactiveevent' not found
*******************************************************************

    日期时间：2004年02月15日 21:19:15
    应用系统：0.动态数据窗口演示
      操作员：.
 SQL错误代码：-1
 SQL错误信息：SQLSTATE = S0002
[Sybase][ODBC Driver]Table or view not found: table 'SLactiveevent' not found
*******************************************************************

    日期时间：2004年02月15日 21:19:15
    应用系统：0.动态数据窗口演示
      操作员：.
 SQL错误代码：-1
 SQL错误信息：SQLSTATE = S0002
[Sybase][ODBC Driver]Table or view not found: table 'SLactiveevent' not found
*******************************************************************

    日期时间：2004年02月15日 21:27:14
    应用系统：0.动态数据窗口演示
      操作员：.
 SQL错误代码：-1
 SQL错误信息：SQLSTATE = S0002
[Sybase][ODBC Driver]Table or view not found: table 'SLactiveevent' not found
*******************************************************************

    日期时间：2004年02月15日 21:27:16
    应用系统：0.动态数据窗口演示
      操作员：.
 SQL错误代码：-1
 SQL错误信息：SQLSTATE = S0002
[Sybase][ODBC Driver]Table or view not found: table 'SLactiveevent' not found
*******************************************************************

    日期时间：2004年02月15日 21:27:18
    应用系统：0.动态数据窗口演示
      操作员：.
 SQL错误代码：-1
 SQL错误信息：SQLSTATE = S0002
[Sybase][ODBC Driver]Table or view not found: table 'SLactiveevent' not found
*******************************************************************

    日期时间：2004年02月15日 21:27:25
    应用系统：0.动态数据窗口演示
      操作员：.
 SQL错误代码：-1
 SQL错误信息：SQLSTATE = S0002
[Sybase][ODBC Driver]Table or view not found: table 'SLactiveevent' not found
*******************************************************************

    日期时间：2004年02月15日 21:27:25
    应用系统：0.动态数据窗口演示
      操作员：.
 SQL错误代码：-1
 SQL错误信息：SQLSTATE = S0002
[Sybase][ODBC Driver]Table or view not found: table 'SLactiveevent' not found
*******************************************************************

    日期时间：2004年02月15日 21:27:25
    应用系统：0.动态数据窗口演示
      操作员：.
 SQL错误代码：-1
 SQL错误信息：SQLSTATE = S0002
[Sybase][ODBC Driver]Table or view not found: table 'SLactiveevent' not found
*******************************************************************

    日期时间：2004年02月15日 21:27:25
    应用系统：0.动态数据窗口演示
      操作员：.
 SQL错误代码：-1
 SQL错误信息：SQLSTATE = S0002
[Sybase][ODBC Driver]Table or view not found: table 'SLactiveevent' not found
*******************************************************************

    日期时间：2004年02月15日 21:27:27
    应用系统：0.动态数据窗口演示
      操作员：.
 SQL错误代码：-1
 SQL错误信息：SQLSTATE = S0002
[Sybase][ODBC Driver]Table or view not found: table 'SLactiveevent' not found
*******************************************************************

    日期时间：2004年02月15日 21:27:27
    应用系统：0.动态数据窗口演示
      操作员：.
 SQL错误代码：-1
 SQL错误信息：SQLSTATE = S0002
[Sybase][ODBC Driver]Table or view not found: table 'SLactiveevent' not found
*******************************************************************

    日期时间：2004年02月16日 23:15:27
    应用系统：0.动态数据窗口演示
      操作员：.
 SQL错误代码：-1
 SQL错误信息：SQLSTATE = S0002
[Sybase][ODBC Driver]Table or view not found: table 'SLactiveevent' not found
*******************************************************************

    日期时间：2004年02月16日 23:15:30
    应用系统：0.动态数据窗口演示
      操作员：.
 SQL错误代码：-1
 SQL错误信息：SQLSTATE = S0002
[Sybase][ODBC Driver]Table or view not found: table 'SLactiveevent' not found
*******************************************************************

    日期时间：2004年02月16日 23:15:33
    应用系统：0.动态数据窗口演示
      操作员：.
 SQL错误代码：-1
 SQL错误信息：SQLSTATE = S0002
[Sybase][ODBC Driver]Table or view not found: table 'SLactiveevent' not found
*******************************************************************

    日期时间：2004年02月16日 23:15:52
    应用系统：0.动态数据窗口演示
      操作员：.
 SQL错误代码：-1
 SQL错误信息：SQLSTATE = S0002
[Sybase][ODBC Driver]Table or view not found: table 'SLactiveevent' not found
*******************************************************************

    日期时间：2004年02月16日 23:16:02
    应用系统：0.动态数据窗口演示
      操作员：.
 SQL错误代码：-1
 SQL错误信息：SQLSTATE = S0002
[Sybase][ODBC Driver]Table or view not found: table 'SLactiveevent' not found
*******************************************************************

    日期时间：2004年02月16日 23:16:02
    应用系统：0.动态数据窗口演示
      操作员：.
 SQL错误代码：-1
 SQL错误信息：SQLSTATE = S0002
[Sybase][ODBC Driver]Table or view not found: table 'SLactiveevent' not found
*******************************************************************

    日期时间：2004年02月16日 23:16:10
    应用系统：0.动态数据窗口演示
      操作员：.
 SQL错误代码：-1
 SQL错误信息：SQLSTATE = S0002
[Sybase][ODBC Driver]Table or view not found: table 'SLactiveevent' not found
*******************************************************************

    日期时间：2004年02月16日 23:16:10
    应用系统：0.动态数据窗口演示
      操作员：.
 SQL错误代码：-1
 SQL错误信息：SQLSTATE = S0002
[Sybase][ODBC Driver]Table or view not found: table 'SLactiveevent' not found
*******************************************************************

    日期时间：2004年02月16日 23:16:10
    应用系统：0.动态数据窗口演示
      操作员：.
 SQL错误代码：-1
 SQL错误信息：SQLSTATE = S0002
[Sybase][ODBC Driver]Table or view not found: table 'SLactiveevent' not found
*******************************************************************

    日期时间：2004年02月16日 23:16:10
    应用系统：0.动态数据窗口演示
      操作员：.
 SQL错误代码：-1
 SQL错误信息：SQLSTATE = S0002
[Sybase][ODBC Driver]Table or view not found: table 'SLactiveevent' not found
*******************************************************************

    日期时间：2004年02月16日 23:16:11
    应用系统：0.动态数据窗口演示
      操作员：.
 SQL错误代码：-1
 SQL错误信息：SQLSTATE = S0002
[Sybase][ODBC Driver]Table or view not found: table 'SLactiveevent' not found
*******************************************************************

    日期时间：2004年02月16日 23:16:11
    应用系统：0.动态数据窗口演示
      操作员：.
 SQL错误代码：-1
 SQL错误信息：SQLSTATE = S0002
[Sybase][ODBC Driver]Table or view not found: table 'SLactiveevent' not found
*******************************************************************

    日期时间：2004年02月17日 21:45:57
    应用系统：0.动态数据窗口演示
      操作员：.
 SQL错误代码：-1
 SQL错误信息：对象名 'SLactiveevent' 无效。
*******************************************************************

    日期时间：2004年02月17日 21:45:59
    应用系统：0.动态数据窗口演示
      操作员：.
 SQL错误代码：-1
 SQL错误信息：对象名 'SLactiveevent' 无效。
*******************************************************************

    日期时间：2004年02月17日 21:46:03
    应用系统：0.动态数据窗口演示
      操作员：.
 SQL错误代码：-1
 SQL错误信息：对象名 'SLactiveevent' 无效。
*******************************************************************

    日期时间：2004年02月17日 21:46:03
    应用系统：0.动态数据窗口演示
      操作员：.
 SQL错误代码：-1
 SQL错误信息：对象名 'SLactiveevent' 无效。
*******************************************************************

    日期时间：2004年02月17日 21:46:03
    应用系统：0.动态数据窗口演示
      操作员：.
 SQL错误代码：-1
 SQL错误信息：对象名 'SLactiveevent' 无效。
*******************************************************************

    日期时间：2004年02月17日 21:46:26
    应用系统：0.动态数据窗口演示
      操作员：.
 SQL错误代码：-1
 SQL错误信息：对象名 'SLactiveevent' 无效。
*******************************************************************

    日期时间：2004年02月17日 21:46:26
    应用系统：0.动态数据窗口演示
      操作员：.
 SQL错误代码：-1
 SQL错误信息：对象名 'SLactiveevent' 无效。
*******************************************************************

    日期时间：2004年02月17日 21:46:31
    应用系统：0.动态数据窗口演示
      操作员：.
 SQL错误代码：-1
 SQL错误信息：对象名 'SLactiveevent' 无效。
*******************************************************************

    日期时间：2004年02月17日 21:46:31
    应用系统：0.动态数据窗口演示
      操作员：.
 SQL错误代码：-1
 SQL错误信息：对象名 'SLactiveevent' 无效。
*******************************************************************

    日期时间：2004年02月17日 21:46:31
    应用系统：0.动态数据窗口演示
      操作员：.
 SQL错误代码：-1
 SQL错误信息：对象名 'SLactiveevent' 无效。
*******************************************************************

    日期时间：2004年02月17日 21:46:34
    应用系统：0.动态数据窗口演示
      操作员：.
 SQL错误代码：-1
 SQL错误信息：对象名 'SLactiveevent' 无效。
*******************************************************************

    日期时间：2004年02月17日 21:46:34
    应用系统：0.动态数据窗口演示
      操作员：.
 SQL错误代码：-1
 SQL错误信息：对象名 'SLactiveevent' 无效。
*******************************************************************

    日期时间：2004年02月17日 21:46:34
    应用系统：0.动态数据窗口演示
      操作员：.
 SQL错误代码：-1
 SQL错误信息：对象名 'SLactiveevent' 无效。
*******************************************************************

    日期时间：2004年02月17日 21:46:34
    应用系统：0.动态数据窗口演示
      操作员：.
 SQL错误代码：-1
 SQL错误信息：对象名 'SLactiveevent' 无效。
*******************************************************************

    日期时间：2004年02月17日 21:46:36
    应用系统：0.动态数据窗口演示
      操作员：.
 SQL错误代码：-1
 SQL错误信息：对象名 'SLactiveevent' 无效。
*******************************************************************

    日期时间：2004年02月17日 21:46:36
    应用系统：0.动态数据窗口演示
      操作员：.
 SQL错误代码：-1
 SQL错误信息：对象名 'SLactiveevent' 无效。
*******************************************************************

    日期时间：2004年02月17日 22:15:51
    应用系统：0.动态数据窗口演示
      操作员：.
 SQL错误代码：-1
 SQL错误信息：对象名 'SLactiveevent' 无效。
*******************************************************************

    日期时间：2004年02月17日 22:15:53
    应用系统：0.动态数据窗口演示
      操作员：.
 SQL错误代码：-1
 SQL错误信息：对象名 'SLactiveevent' 无效。
*******************************************************************

    日期时间：2004年02月17日 22:15:55
    应用系统：0.动态数据窗口演示
      操作员：.
 SQL错误代码：-1
 SQL错误信息：对象名 'SLactiveevent' 无效。
*******************************************************************

    日期时间：2004年02月17日 22:15:55
    应用系统：0.动态数据窗口演示
      操作员：.
 SQL错误代码：-1
 SQL错误信息：对象名 'SLactiveevent' 无效。
*******************************************************************

    日期时间：2004年02月17日 22:15:55
    应用系统：0.动态数据窗口演示
      操作员：.
 SQL错误代码：-1
 SQL错误信息：对象名 'SLactiveevent' 无效。
*******************************************************************

    日期时间：2004年02月17日 22:15:58
    应用系统：0.动态数据窗口演示
      操作员：.
 SQL错误代码：-1
 SQL错误信息：对象名 'SLactiveevent' 无效。
*******************************************************************

    日期时间：2004年02月17日 22:16:02
    应用系统：0.动态数据窗口演示
      操作员：.
 SQL错误代码：-1
 SQL错误信息：对象名 'SLactiveevent' 无效。
*******************************************************************

    日期时间：2004年02月17日 22:16:02
    应用系统：0.动态数据窗口演示
      操作员：.
 SQL错误代码：-1
 SQL错误信息：对象名 'SLactiveevent' 无效。
*******************************************************************

    日期时间：2004年02月17日 22:16:04
    应用系统：0.动态数据窗口演示
      操作员：.
 SQL错误代码：-1
 SQL错误信息：对象名 'SLactiveevent' 无效。
*******************************************************************

    日期时间：2004年02月17日 22:16:11
    应用系统：0.动态数据窗口演示
      操作员：.
 SQL错误代码：-1
 SQL错误信息：对象名 'SLactiveevent' 无效。
*******************************************************************

    日期时间：2004年02月17日 22:16:11
    应用系统：0.动态数据窗口演示
      操作员：.
 SQL错误代码：-1
 SQL错误信息：对象名 'SLactiveevent' 无效。
*******************************************************************

    日期时间：2004年02月17日 22:16:19
    应用系统：0.动态数据窗口演示
      操作员：.
 SQL错误代码：-1
 SQL错误信息：对象名 'SLactiveevent' 无效。
*******************************************************************

    日期时间：2004年02月17日 22:16:19
    应用系统：0.动态数据窗口演示
      操作员：.
 SQL错误代码：-1
 SQL错误信息：对象名 'SLactiveevent' 无效。
*******************************************************************

    日期时间：2004年02月17日 22:16:19
    应用系统：0.动态数据窗口演示
      操作员：.
 SQL错误代码：-1
 SQL错误信息：对象名 'SLactiveevent' 无效。
*******************************************************************

    日期时间：2004年02月17日 22:16:19
    应用系统：0.动态数据窗口演示
      操作员：.
 SQL错误代码：-1
 SQL错误信息：对象名 'SLactiveevent' 无效。
*******************************************************************

    日期时间：2004年02月17日 22:16:21
    应用系统：0.动态数据窗口演示
      操作员：.
 SQL错误代码：-1
 SQL错误信息：对象名 'SLactiveevent' 无效。
*******************************************************************

    日期时间：2004年02月17日 22:16:21
    应用系统：0.动态数据窗口演示
      操作员：.
 SQL错误代码：-1
 SQL错误信息：对象名 'SLactiveevent' 无效。
*******************************************************************

    日期时间：2004年02月18日 21:34:55
    应用系统：0.动态数据窗口演示
      操作员：.
 SQL错误代码：-1
 SQL错误信息：对象名 'SLactiveevent' 无效。
*******************************************************************

    日期时间：2004年02月18日 21:34:57
    应用系统：0.动态数据窗口演示
      操作员：.
 SQL错误代码：-1
 SQL错误信息：对象名 'SLactiveevent' 无效。
*******************************************************************

    日期时间：2004年02月18日 21:34:59
    应用系统：0.动态数据窗口演示
      操作员：.
 SQL错误代码：-1
 SQL错误信息：对象名 'SLactiveevent' 无效。
*******************************************************************

    日期时间：2004年02月18日 21:34:59
    应用系统：0.动态数据窗口演示
      操作员：.
 SQL错误代码：-1
 SQL错误信息：对象名 'SLactiveevent' 无效。
*******************************************************************

    日期时间：2004年02月18日 21:34:59
    应用系统：0.动态数据窗口演示
      操作员：.
 SQL错误代码：-1
 SQL错误信息：对象名 'SLactiveevent' 无效。
*******************************************************************

    日期时间：2004年02月18日 21:35:01
    应用系统：0.动态数据窗口演示
      操作员：.
 SQL错误代码：-1
 SQL错误信息：对象名 'SLactiveevent' 无效。
*******************************************************************

    日期时间：2004年02月18日 21:35:40
    应用系统：0.动态数据窗口演示
      操作员：.
 SQL错误代码：-1
 SQL错误信息：对象名 'SLactiveevent' 无效。
*******************************************************************

    日期时间：2004年02月18日 21:35:40
    应用系统：0.动态数据窗口演示
      操作员：.
 SQL错误代码：-1
 SQL错误信息：对象名 'SLactiveevent' 无效。
*******************************************************************

    日期时间：2004年02月18日 21:35:44
    应用系统：0.动态数据窗口演示
      操作员：.
 SQL错误代码：-1
 SQL错误信息：对象名 'SLactiveevent' 无效。
*******************************************************************

    日期时间：2004年02月18日 21:35:47
    应用系统：0.动态数据窗口演示
      操作员：.
 SQL错误代码：-1
 SQL错误信息：对象名 'SLactiveevent' 无效。
*******************************************************************

    日期时间：2004年02月18日 21:35:47
    应用系统：0.动态数据窗口演示
      操作员：.
 SQL错误代码：-1
 SQL错误信息：对象名 'SLactiveevent' 无效。
*******************************************************************

    日期时间：2004年02月18日 21:35:48
    应用系统：0.动态数据窗口演示
      操作员：.
 SQL错误代码：-1
 SQL错误信息：对象名 'SLactiveevent' 无效。
*******************************************************************

    日期时间：2004年02月18日 21:35:48
    应用系统：0.动态数据窗口演示
      操作员：.
 SQL错误代码：-1
 SQL错误信息：对象名 'SLactiveevent' 无效。
*******************************************************************

    日期时间：2004年02月18日 21:35:48
    应用系统：0.动态数据窗口演示
      操作员：.
 SQL错误代码：-1
 SQL错误信息：对象名 'SLactiveevent' 无效。
*******************************************************************

    日期时间：2004年02月18日 21:35:48
    应用系统：0.动态数据窗口演示
      操作员：.
 SQL错误代码：-1
 SQL错误信息：对象名 'SLactiveevent' 无效。
*******************************************************************

    日期时间：2004年02月18日 21:35:50
    应用系统：0.动态数据窗口演示
      操作员：.
 SQL错误代码：-1
 SQL错误信息：对象名 'SLactiveevent' 无效。
*******************************************************************

    日期时间：2004年02月18日 21:35:50
    应用系统：0.动态数据窗口演示
      操作员：.
 SQL错误代码：-1
 SQL错误信息：对象名 'SLactiveevent' 无效。
*******************************************************************

    日期时间：2004年02月18日 21:44:46
    应用系统：0.动态数据窗口演示
      操作员：.
 SQL错误代码：-1
 SQL错误信息：对象名 'SLactiveevent' 无效。
*******************************************************************

    日期时间：2004年02月18日 21:44:49
    应用系统：0.动态数据窗口演示
      操作员：.
 SQL错误代码：-1
 SQL错误信息：对象名 'SLactiveevent' 无效。
*******************************************************************

    日期时间：2004年02月18日 21:44:50
    应用系统：0.动态数据窗口演示
      操作员：.
 SQL错误代码：-1
 SQL错误信息：对象名 'SLactiveevent' 无效。
*******************************************************************

    日期时间：2004年02月18日 21:44:50
    应用系统：0.动态数据窗口演示
      操作员：.
 SQL错误代码：-1
 SQL错误信息：对象名 'SLactiveevent' 无效。
*******************************************************************

    日期时间：2004年02月18日 21:44:51
    应用系统：0.动态数据窗口演示
      操作员：.
 SQL错误代码：-1
 SQL错误信息：对象名 'SLactiveevent' 无效。
*******************************************************************

    日期时间：2004年02月18日 21:44:54
    应用系统：0.动态数据窗口演示
      操作员：.
 SQL错误代码：-1
 SQL错误信息：对象名 'SLactiveevent' 无效。
*******************************************************************

    日期时间：2004年02月18日 21:44:54
    应用系统：0.动态数据窗口演示
      操作员：.
 SQL错误代码：-1
 SQL错误信息：对象名 'SLactiveevent' 无效。
*******************************************************************

    日期时间：2004年02月18日 21:44:54
    应用系统：0.动态数据窗口演示
      操作员：.
 SQL错误代码：-1
 SQL错误信息：对象名 'SLactiveevent' 无效。
*******************************************************************

    日期时间：2004年02月18日 22:21:43
    应用系统：0.动态数据窗口演示
      操作员：.
 SQL错误代码：-1
 SQL错误信息：对象名 'SLactiveevent' 无效。
*******************************************************************

    日期时间：2004年02月18日 22:21:45
    应用系统：0.动态数据窗口演示
      操作员：.
 SQL错误代码：-1
 SQL错误信息：对象名 'SLactiveevent' 无效。
*******************************************************************

    日期时间：2004年02月18日 22:21:52
    应用系统：0.动态数据窗口演示
      操作员：.
 SQL错误代码：-1
 SQL错误信息：对象名 'SLactiveevent' 无效。
*******************************************************************

    日期时间：2004年02月18日 22:21:52
    应用系统：0.动态数据窗口演示
      操作员：.
 SQL错误代码：-1
 SQL错误信息：对象名 'SLactiveevent' 无效。
*******************************************************************

    日期时间：2004年02月18日 22:21:53
    应用系统：0.动态数据窗口演示
      操作员：.
 SQL错误代码：-1
 SQL错误信息：对象名 'SLactiveevent' 无效。
*******************************************************************

    日期时间：2004年02月18日 22:21:56
    应用系统：0.动态数据窗口演示
      操作员：.
 SQL错误代码：-1
 SQL错误信息：对象名 'SLactiveevent' 无效。
*******************************************************************

    日期时间：2004年02月18日 22:22:00
    应用系统：0.动态数据窗口演示
      操作员：.
 SQL错误代码：-1
 SQL错误信息：对象名 'SLactiveevent' 无效。
*******************************************************************

    日期时间：2004年02月18日 22:22:00
    应用系统：0.动态数据窗口演示
      操作员：.
 SQL错误代码：-1
 SQL错误信息：对象名 'SLactiveevent' 无效。
*******************************************************************

    日期时间：2004年02月18日 22:22:22
    应用系统：0.动态数据窗口演示
      操作员：.
 SQL错误代码：-1
 SQL错误信息：对象名 'SLactiveevent' 无效。
*******************************************************************

    日期时间：2004年02月18日 22:22:22
    应用系统：0.动态数据窗口演示
      操作员：.
 SQL错误代码：-1
 SQL错误信息：对象名 'SLactiveevent' 无效。
*******************************************************************

    日期时间：2004年02月18日 22:22:22
    应用系统：0.动态数据窗口演示
      操作员：.
 SQL错误代码：-1
 SQL错误信息：对象名 'SLactiveevent' 无效。
*******************************************************************

    日期时间：2004年02月18日 22:22:22
    应用系统：0.动态数据窗口演示
      操作员：.
 SQL错误代码：-1
 SQL错误信息：对象名 'SLactiveevent' 无效。
*******************************************************************

    日期时间：2004年02月18日 22:22:23
    应用系统：0.动态数据窗口演示
      操作员：.
 SQL错误代码：-1
 SQL错误信息：对象名 'SLactiveevent' 无效。
*******************************************************************

    日期时间：2004年02月18日 22:22:34
    应用系统：0.动态数据窗口演示
      操作员：.
 SQL错误代码：-1
 SQL错误信息：对象名 'SLactiveevent' 无效。
*******************************************************************

    日期时间：2004年02月18日 22:22:34
    应用系统：0.动态数据窗口演示
      操作员：.
 SQL错误代码：-1
 SQL错误信息：对象名 'SLactiveevent' 无效。
*******************************************************************

    日期时间：2004年02月18日 22:22:36
    应用系统：0.动态数据窗口演示
      操作员：.
 SQL错误代码：-1
 SQL错误信息：对象名 'SLactiveevent' 无效。
*******************************************************************

    日期时间：2004年02月18日 22:22:36
    应用系统：0.动态数据窗口演示
      操作员：.
 SQL错误代码：-1
 SQL错误信息：对象名 'SLactiveevent' 无效。
*******************************************************************

    日期时间：2004年02月18日 22:22:37
    应用系统：0.动态数据窗口演示
      操作员：.
 SQL错误代码：-1
 SQL错误信息：对象名 'SLactiveevent' 无效。
*******************************************************************

    日期时间：2004年02月18日 22:22:41
    应用系统：0.动态数据窗口演示
      操作员：.
 SQL错误代码：-1
 SQL错误信息：对象名 'SLactiveevent' 无效。
*******************************************************************

    日期时间：2004年02月18日 22:22:41
    应用系统：0.动态数据窗口演示
      操作员：.
 SQL错误代码：-1
 SQL错误信息：对象名 'SLactiveevent' 无效。
*******************************************************************

    日期时间：2004年02月18日 22:23:44
    应用系统：0.动态数据窗口演示
      操作员：.
 SQL错误代码：-1
 SQL错误信息：对象名 'SLactiveevent' 无效。
*******************************************************************

    日期时间：2004年02月18日 22:23:44
    应用系统：0.动态数据窗口演示
      操作员：.
 SQL错误代码：-1
 SQL错误信息：对象名 'SLactiveevent' 无效。
*******************************************************************

    日期时间：2004年02月18日 22:23:44
    应用系统：0.动态数据窗口演示
      操作员：.
 SQL错误代码：-1
 SQL错误信息：对象名 'SLactiveevent' 无效。
*******************************************************************

    日期时间：2004年02月18日 22:23:44
    应用系统：0.动态数据窗口演示
      操作员：.
 SQL错误代码：-1
 SQL错误信息：对象名 'SLactiveevent' 无效。
*******************************************************************

    日期时间：2004年02月18日 22:23:49
    应用系统：0.动态数据窗口演示
      操作员：.
 SQL错误代码：-1
 SQL错误信息：对象名 'SLactiveevent' 无效。
*******************************************************************

    日期时间：2004年02月18日 22:23:49
    应用系统：0.动态数据窗口演示
      操作员：.
 SQL错误代码：-1
 SQL错误信息：对象名 'SLactiveevent' 无效。
*******************************************************************

    日期时间：2004年02月18日 22:23:53
    应用系统：0.动态数据窗口演示
      操作员：.
 SQL错误代码：-1
 SQL错误信息：对象名 'SLactiveevent' 无效。
*******************************************************************

    日期时间：2004年02月18日 22:23:53
    应用系统：0.动态数据窗口演示
      操作员：.
 SQL错误代码：-1
 SQL错误信息：对象名 'SLactiveevent' 无效。
*******************************************************************

    日期时间：2004年02月18日 22:23:53
    应用系统：0.动态数据窗口演示
      操作员：.
 SQL错误代码：-1
 SQL错误信息：对象名 'SLactiveevent' 无效。
*******************************************************************

    日期时间：2004年02月18日 22:23:53
    应用系统：0.动态数据窗口演示
      操作员：.
 SQL错误代码：-1
 SQL错误信息：对象名 'SLactiveevent' 无效。
*******************************************************************

    日期时间：2004年02月18日 22:24:01
    应用系统：0.动态数据窗口演示
      操作员：.
 SQL错误代码：-1
 SQL错误信息：对象名 'SLactiveevent' 无效。
*******************************************************************

    日期时间：2004年02月18日 22:24:01
    应用系统：0.动态数据窗口演示
      操作员：.
 SQL错误代码：-1
 SQL错误信息：对象名 'SLactiveevent' 无效。
*******************************************************************

    日期时间：2004年02月18日 22:24:03
    应用系统：0.动态数据窗口演示
      操作员：.
 SQL错误代码：-1
 SQL错误信息：对象名 'SLactiveevent' 无效。
*******************************************************************

    日期时间：2004年02月18日 22:24:05
    应用系统：0.动态数据窗口演示
      操作员：.
 SQL错误代码：-1
 SQL错误信息：对象名 'SLactiveevent' 无效。
*******************************************************************

    日期时间：2004年02月18日 22:24:05
    应用系统：0.动态数据窗口演示
      操作员：.
 SQL错误代码：-1
 SQL错误信息：对象名 'SLactiveevent' 无效。
*******************************************************************

    日期时间：2004年02月18日 22:24:06
    应用系统：0.动态数据窗口演示
      操作员：.
 SQL错误代码：-1
 SQL错误信息：对象名 'SLactiveevent' 无效。
*******************************************************************

    日期时间：2004年02月18日 22:24:06
    应用系统：0.动态数据窗口演示
      操作员：.
 SQL错误代码：-1
 SQL错误信息：对象名 'SLactiveevent' 无效。
*******************************************************************

    日期时间：2004年02月18日 22:33:26
    应用系统：0.动态数据窗口演示
      操作员：.
 SQL错误代码：-1
 SQL错误信息：对象名 'SLactiveevent' 无效。
*******************************************************************

    日期时间：2004年02月18日 22:33:27
    应用系统：0.动态数据窗口演示
      操作员：.
 SQL错误代码：-1
 SQL错误信息：对象名 'SLactiveevent' 无效。
*******************************************************************

    日期时间：2004年02月18日 22:33:29
    应用系统：0.动态数据窗口演示
      操作员：.
 SQL错误代码：-1
 SQL错误信息：对象名 'SLactiveevent' 无效。
*******************************************************************

    日期时间：2004年02月18日 22:33:29
    应用系统：0.动态数据窗口演示
      操作员：.
 SQL错误代码：-1
 SQL错误信息：对象名 'SLactiveevent' 无效。
*******************************************************************

    日期时间：2004年02月18日 22:33:29
    应用系统：0.动态数据窗口演示
      操作员：.
 SQL错误代码：-1
 SQL错误信息：对象名 'SLactiveevent' 无效。
*******************************************************************

    日期时间：2004年02月18日 22:33:32
    应用系统：0.动态数据窗口演示
      操作员：.
 SQL错误代码：-1
 SQL错误信息：对象名 'SLactiveevent' 无效。
*******************************************************************

    日期时间：2004年02月18日 22:33:54
    应用系统：0.动态数据窗口演示
      操作员：.
 SQL错误代码：-1
 SQL错误信息：对象名 'SLactiveevent' 无效。
*******************************************************************

    日期时间：2004年02月18日 22:33:54
    应用系统：0.动态数据窗口演示
      操作员：.
 SQL错误代码：-1
 SQL错误信息：对象名 'SLactiveevent' 无效。
*******************************************************************

    日期时间：2004年02月18日 22:33:55
    应用系统：0.动态数据窗口演示
      操作员：.
 SQL错误代码：-1
 SQL错误信息：对象名 'SLactiveevent' 无效。
*******************************************************************

    日期时间：2004年02月18日 22:33:55
    应用系统：0.动态数据窗口演示
      操作员：.
 SQL错误代码：-1
 SQL错误信息：对象名 'SLactiveevent' 无效。
*******************************************************************

    日期时间：2004年02月18日 22:33:55
    应用系统：0.动态数据窗口演示
      操作员：.
 SQL错误代码：-1
 SQL错误信息：对象名 'SLactiveevent' 无效。
*******************************************************************

    日期时间：2004年02月18日 22:33:55
    应用系统：0.动态数据窗口演示
      操作员：.
 SQL错误代码：-1
 SQL错误信息：对象名 'SLactiveevent' 无效。
*******************************************************************

    日期时间：2004年02月18日 22:33:56
    应用系统：0.动态数据窗口演示
      操作员：.
 SQL错误代码：-1
 SQL错误信息：对象名 'SLactiveevent' 无效。
*******************************************************************

    日期时间：2004年02月18日 22:33:56
    应用系统：0.动态数据窗口演示
      操作员：.
 SQL错误代码：-1
 SQL错误信息：对象名 'SLactiveevent' 无效。
*******************************************************************

    日期时间：2004年02月20日 00:01:29
    应用系统：0.动态数据窗口演示
      操作员：.
    模块名称：aaaa
数据窗口名称：dw_2
数据窗口对象：
数据窗口行号：0
    错误代码：sqlcode=100;sqldbcode=170
 SQL错误语句：  SELECT	a1_warehouse.amount,
		a1_warehouse.boxs
     WHERE	a1_warehouse.amount > 0  AND 
		a1_warehouse.tag = '0'
 r
   
 SQL错误信息：Select error: 第 5 行: 'r' 附近有语法错误。
*******************************************************************

    日期时间：2004年02月20日 00:01:46
    应用系统：0.动态数据窗口演示
      操作员：.
    模块名称：aaaa
数据窗口名称：dw_2
数据窗口对象：
数据窗口行号：0
    错误代码：sqlcode=100;sqldbcode=170
 SQL错误语句：  SELECT	a1_warehouse.amount,
		a1_warehouse.boxs
     WHERE	a1_warehouse.amount > 0  AND 
		a1_warehouse.tag = 'CL21'
 r
   
 SQL错误信息：Select error: 第 5 行: 'r' 附近有语法错误。
*******************************************************************

    日期时间：2004年02月20日 00:02:28
    应用系统：0.动态数据窗口演示
      操作员：.
    模块名称：aaaa
数据窗口名称：dw_2
数据窗口对象：
数据窗口行号：0
    错误代码：sqlcode=100;sqldbcode=170
 SQL错误语句：  SELECT	a1_warehouse.amount,
		a1_warehouse.boxs
     WHERE	a1_warehouse.amount > 0  AND 
		a1_warehouse.tag = 'CL21'
 r
   
 SQL错误信息：Select error: 第 5 行: 'r' 附近有语法错误。
*******************************************************************

    日期时间：2004年02月20日 00:03:47
    应用系统：0.动态数据窗口演示
      操作员：.
    模块名称：aaaa
数据窗口名称：dw_2
数据窗口对象：
数据窗口行号：0
    错误代码：sqlcode=100;sqldbcode=170
 SQL错误语句：  SELECT	a1_warehouse.amount,
		a1_warehouse.boxs
     WHERE	a1_warehouse.amount > 0  AND 
		a1_warehouse.tag = 'CL11'
 r
   
 SQL错误信息：Select error: 第 5 行: 'r' 附近有语法错误。
*******************************************************************

    日期时间：2004年02月20日 00:04:27
    应用系统：0.动态数据窗口演示
      操作员：.
    模块名称：aaaa
数据窗口名称：dw_2
数据窗口对象：
数据窗口行号：0
    错误代码：sqlcode=100;sqldbcode=170
 SQL错误语句：  SELECT	a1_warehouse.amount,
		a1_warehouse.boxs
     WHERE	a1_warehouse.amount > 12500.00000000000000  AND 
		a1_warehouse.tag = 'CL11'
 r
   
 SQL错误信息：Select error: 第 5 行: 'r' 附近有语法错误。
*******************************************************************

    日期时间：2004年02月20日 00:13:19
    应用系统：0.动态数据窗口演示
      操作员：.
    模块名称：aaaa
数据窗口名称：dw_2
数据窗口对象：
数据窗口行号：0
    错误代码：sqlcode=100;sqldbcode=107
 SQL错误语句：  SELECT	a1_warehouse.amount,
		a1_warehouse.boxs,
		a1_warehouse.comp,
		a1_warehouse.sortid,
		a1_warehouse.tag,
		a1_warehouse.type  WHERE	a1_warehouse.tag = 'CL21'
 
 SQL错误信息：Select error: 列前缀 'a1_warehouse' 与查询中所用的表名或别名不匹配。
*******************************************************************

    日期时间：2004年02月20日 00:24:26
    应用系统：0.动态数据窗口演示
      操作员：.
    模块名称：aaaa
数据窗口名称：dw_2
数据窗口对象：
数据窗口行号：0
    错误代码：sqlcode=100;sqldbcode=10042
 SQL错误语句：  SELECT	a1_warehouse.amount,		a1_warehouse.boxs,		a1_warehouse.comp,		a1_warehouse.sortid,		a1_warehouse.tag	from	a1_warehouse WHERE	a1_warehouse.tag = 'CL21'
  
 SQL错误信息：Select error: 尝试绑定到不存在的列。
*******************************************************************

    日期时间：2004年02月20日 00:29:10
    应用系统：0.动态数据窗口演示
      操作员：.
    模块名称：aaaa
数据窗口名称：dw_2
数据窗口对象：
数据窗口行号：0
    错误代码：sqlcode=100;sqldbcode=10042
 SQL错误语句：  SELECT	a1_warehouse.amount,
		a1_warehouse.boxs,
		a1_warehouse.comp,
		a1_warehouse.sortid,
		a1_warehouse.tag  FROM	a1_warehouse WHERE	a1_warehouse.tag = 'CL21'
   
 SQL错误信息：Select error: 尝试绑定到不存在的列。
*******************************************************************

    日期时间：2004年02月20日 00:30:53
    应用系统：0.动态数据窗口演示
      操作员：.
    模块名称：aaaa
数据窗口名称：dw_2
数据窗口对象：
数据窗口行号：0
    错误代码：sqlcode=0;sqldbcode=10042
 SQL错误语句：  SELECT	a1_warehouse.amount,
		a1_warehouse.boxs,
		a1_warehouse.comp,
		a1_warehouse.sortid,
		a1_warehouse.tag  FROM	a1_warehouse WHERE	a1_warehouse.tag = 'CL21'
   
 SQL错误信息：Select error: 尝试绑定到不存在的列。
*******************************************************************

    日期时间：2004年02月20日 00:31:21
    应用系统：0.动态数据窗口演示
      操作员：.
    模块名称：aaaa
数据窗口名称：dw_2
数据窗口对象：
数据窗口行号：0
    错误代码：sqlcode=0;sqldbcode=10042
 SQL错误语句：  SELECT	a1_warehouse.amount,
		a1_warehouse.boxs,
		a1_warehouse.comp,
		a1_warehouse.sortid,
		a1_warehouse.tag  FROM	a1_warehouse WHERE	a1_warehouse.tag = 'CL21'
   
 SQL错误信息：Select error: 尝试绑定到不存在的列。
*******************************************************************

    日期时间：2004年02月20日 00:31:41
    应用系统：0.动态数据窗口演示
      操作员：.
    模块名称：aaaa
数据窗口名称：dw_2
数据窗口对象：
数据窗口行号：0
    错误代码：sqlcode=0;sqldbcode=10042
 SQL错误语句：  SELECT	a1_warehouse.amount,
		a1_warehouse.boxs,
		a1_warehouse.comp,
		a1_warehouse.sortid,
		a1_warehouse.tag  FROM	a1_warehouse WHERE	a1_warehouse.tag = '11'
   
 SQL错误信息：Select error: 尝试绑定到不存在的列。
*******************************************************************

    日期时间：2004年02月20日 00:41:08
    应用系统：0.动态数据窗口演示
      操作员：.
    模块名称：aaaa
数据窗口名称：dw_2
数据窗口对象：
数据窗口行号：0
    错误代码：sqlcode=-1;sqldbcode=10042
 SQL错误语句：  SELECT	a1_warehouse.amount,
		a1_warehouse.boxs,
		a1_warehouse.comp,
		a1_warehouse.sortid,
		a1_warehouse.tag  FROM	a1_warehouse WHERE	a1_warehouse.tag = 'CL21'
   
 SQL错误信息：Select error: 尝试绑定到不存在的列。
*******************************************************************

    日期时间：2004年02月20日 00:42:27
    应用系统：0.动态数据窗口演示
      操作员：.
    模块名称：aaaa
数据窗口名称：dw_2
数据窗口对象：
数据窗口行号：0
    错误代码：sqlcode=0;sqldbcode=10042
 SQL错误语句：  SELECT	a1_warehouse.amount,
		a1_warehouse.boxs,
		a1_warehouse.comp,
		a1_warehouse.sortid,
		a1_warehouse.tag  FROM	a1_warehouse WHERE	a1_warehouse.tag = 'CL21'
   
 SQL错误信息：Select error: 尝试绑定到不存在的列。
*******************************************************************
